f:\lkx01\fivechess\fivechessserver\debug\vc120.pdb
f:\lkx01\fivechess\fivechessserver\debug\vc120.idb
f:\lkx01\fivechess\fivechessserver\debug\io_service_pool.obj
f:\lkx01\fivechess\fivechessserver\debug\net_comm.obj
f:\lkx01\fivechess\fivechessserver\debug\servernetwork.obj
f:\lkx01\fivechess\fivechessserver\debug\tcp_client.obj
f:\lkx01\fivechess\fivechessserver\debug\tcp_message.obj
f:\lkx01\fivechess\fivechessserver\debug\tcp_server.obj
f:\lkx01\fivechess\fivechessserver\debug\tcp_session.obj
f:\lkx01\fivechess\fivechessserver\debug\clientinfomanager.obj
f:\lkx01\fivechess\fivechessserver\debug\main.obj
f:\lkx01\fivechess\fivechessserver\debug\mainapp.obj
f:\lkx01\fivechess\fivechessserver\debug\mserver.obj
f:\lkx01\fivechess\fivechessserver\debug\onlineclientmanager.obj
f:\lkx01\fivechess\fivechessserver\debug\packetproc.obj
f:\lkx01\fivechess\fivechessserver\debug\serverdatamanager.obj
f:\lkx01\fivechess\fivechessserver\mserver.ilk
f:\lkx01\fivechess\fivechessserver\mserver.exe
f:\lkx01\fivechess\fivechessserver\mserver.pdb
f:\lkx01\fivechess\fivechessserver\mserver.lib
f:\lkx01\fivechess\fivechessserver\mserver.exp
f:\lkx01\fivechess\fivechessserver\debug\mserver.tlog\cl.command.1.tlog
f:\lkx01\fivechess\fivechessserver\debug\mserver.tlog\cl.read.1.tlog
f:\lkx01\fivechess\fivechessserver\debug\mserver.tlog\cl.write.1.tlog
f:\lkx01\fivechess\fivechessserver\debug\mserver.tlog\link.command.1.tlog
f:\lkx01\fivechess\fivechessserver\debug\mserver.tlog\link.read.1.tlog
f:\lkx01\fivechess\fivechessserver\debug\mserver.tlog\link.write.1.tlog
f:\lkx01\fivechess\fivechessserver\debug\mserver.tlog\mserver.write.1u.tlog
