  tcp_session.cpp
  tcp_server.cpp
  tcp_message.cpp
  tcp_client.cpp
  ServerNetwork.cpp
  net_comm.cpp
d:\vs2013\vc\include\xutility(2132): warning C4996: 'std::_Copy_impl': Function call with parameters that may be unsafe - this call relies on the caller to check that the passed values are correct. To disable this warning, use -D_SCL_SECURE_NO_WARNINGS. See documentation on how to use Visual C++ 'Checked Iterators'
          d:\vs2013\vc\include\xutility(2113) : 参见“std::_Copy_impl”的声明
          f:\lkx01\fivechess\shareproject\network\source\net_comm.cpp(113): 参见对正在编译的函数 模板 实例化“_OutIt std::copy<char*,char*>(_InIt,_InIt,_OutIt)”的引用
          with
          [
              _OutIt=char *
  ,            _InIt=char *
          ]
  io_service_pool.cpp
  ClientNetwork.cpp
  正在生成代码...
cl : 命令行 warning D9028: 最小重新生成失败，正在转换为标准生成
  LINK : 没有找到 F:\lkx01\fivechess\shareproject\network\Netlib\\lib.dll 或上一个增量链接没有生成它；正在执行完全链接
ClientNetwork.obj : warning LNK4075: 忽略“/EDITANDCONTINUE”(由于“/SAFESEH”规范)
     正在创建库 F:\lkx01\fivechess\shareproject\network\Netlib\lib.lib 和对象 F:\lkx01\fivechess\shareproject\network\Netlib\lib.exp
  lib.vcxproj -> F:\lkx01\fivechess\shareproject\network\Netlib\lib.dll
