  tcp_session.cpp
f:\lkx01\fivechess\share\network\include\safe_atom.hpp(36): error C2065: “shared_lock”: 未声明的标识符
          f:\lkx01\fivechess\share\network\include\safe_atom.hpp(35): 编译类 模板 成员函数“void safe_atom<bool>::getValue(T &)”时
          with
          [
              T=bool
          ]
          ..\..\source\tcp_session.cpp(318): 参见对正在编译的函数 模板 实例化“void safe_atom<bool>::getValue(T &)”的引用
          with
          [
              T=bool
          ]
          F:\lkx01\fivechess\share\network\include\tcp_session.hpp(72): 参见对正在编译的类 模板 实例化“safe_atom<bool>”的引用
f:\lkx01\fivechess\share\network\include\safe_atom.hpp(36): error C2275: “boost::shared_mutex”: 将此类型用作表达式非法
f:\lkx01\fivechess\share\network\include\safe_atom.hpp(36): error C2780: “void std::lock(_Lock0 &,_Lock1 &,_LockN &...)”: 应输入 3 个参数，却提供了 1 个
          D:\vs2013\VC\include\mutex(417) : 参见“std::lock”的声明
f:\lkx01\fivechess\share\network\include\safe_atom.hpp(36): error C2780: “void boost::lock(MutexType1 &,MutexType2 &,MutexType3 &,MutexType4 &,MutexType5 &)”: 应输入 5 个参数，却提供了 1 个
          F:\boost_1_66_0\boost/thread/lock_algorithms.hpp(253) : 参见“boost::lock”的声明
f:\lkx01\fivechess\share\network\include\safe_atom.hpp(36): error C2780: “void boost::lock(MutexType1 &,MutexType2 &,MutexType3 &,MutexType4 &)”: 应输入 4 个参数，却提供了 1 个
          F:\boost_1_66_0\boost/thread/lock_algorithms.hpp(221) : 参见“boost::lock”的声明
f:\lkx01\fivechess\share\network\include\safe_atom.hpp(36): error C2780: “void boost::lock(MutexType1 &,MutexType2 &,MutexType3 &)”: 应输入 3 个参数，却提供了 1 个
          F:\boost_1_66_0\boost/thread/lock_algorithms.hpp(194) : 参见“boost::lock”的声明
f:\lkx01\fivechess\share\network\include\safe_atom.hpp(36): error C2780: “void boost::lock(const MutexType1 &,const MutexType2 &)”: 应输入 2 个参数，却提供了 1 个
          F:\boost_1_66_0\boost/thread/lock_algorithms.hpp(188) : 参见“boost::lock”的声明
f:\lkx01\fivechess\share\network\include\safe_atom.hpp(36): error C2780: “void boost::lock(MutexType1 &,const MutexType2 &)”: 应输入 2 个参数，却提供了 1 个
          F:\boost_1_66_0\boost/thread/lock_algorithms.hpp(182) : 参见“boost::lock”的声明
f:\lkx01\fivechess\share\network\include\safe_atom.hpp(36): error C2780: “void boost::lock(const MutexType1 &,MutexType2 &)”: 应输入 2 个参数，却提供了 1 个
          F:\boost_1_66_0\boost/thread/lock_algorithms.hpp(176) : 参见“boost::lock”的声明
f:\lkx01\fivechess\share\network\include\safe_atom.hpp(36): error C2780: “void boost::lock(MutexType1 &,MutexType2 &)”: 应输入 2 个参数，却提供了 1 个
          F:\boost_1_66_0\boost/thread/lock_algorithms.hpp(170) : 参见“boost::lock”的声明
