f:\lkx01\fivechess\share\network\netlib\network\debug\vc120.pdb
f:\lkx01\fivechess\share\network\netlib\network\debug\vc120.idb
f:\lkx01\fivechess\share\network\netlib\network\debug\clientnetwork.obj
f:\lkx01\fivechess\share\network\netlib\network\debug\io_service_pool.obj
f:\lkx01\fivechess\share\network\netlib\network\debug\mclientnet.obj
f:\lkx01\fivechess\share\network\netlib\network\debug\net_comm.obj
f:\lkx01\fivechess\share\network\netlib\network\debug\servernetwork.obj
f:\lkx01\fivechess\share\network\netlib\network\debug\tcp_client.obj
f:\lkx01\fivechess\share\network\netlib\network\debug\tcp_message.obj
f:\lkx01\fivechess\share\network\netlib\network\debug\tcp_server.obj
f:\lkx01\fivechess\share\network\netlib\network\debug\tcp_session.obj
f:\lkx01\fivechess\share\network\netlib\lib.lib
f:\lkx01\fivechess\share\network\netlib\lib.exp
f:\lkx01\fivechess\share\network\netlib\lib.ilk
f:\lkx01\fivechess\share\network\netlib\lib.dll
f:\lkx01\fivechess\share\network\netlib\lib.pdb
f:\lkx01\fivechess\share\network\netlib\network\debug\lib.tlog\cl.command.1.tlog
f:\lkx01\fivechess\share\network\netlib\network\debug\lib.tlog\cl.read.1.tlog
f:\lkx01\fivechess\share\network\netlib\network\debug\lib.tlog\cl.write.1.tlog
f:\lkx01\fivechess\share\network\netlib\network\debug\lib.tlog\lib.write.1u.tlog
f:\lkx01\fivechess\share\network\netlib\network\debug\lib.tlog\link.command.1.tlog
f:\lkx01\fivechess\share\network\netlib\network\debug\lib.tlog\link.read.1.tlog
f:\lkx01\fivechess\share\network\netlib\network\debug\lib.tlog\link.write.1.tlog
